<?xml version="1.0" encoding="UTF-8"?>
<testsuite name="Division Test"
           tests="7"
           failures="0"
           errors="0"
           skipped="0"
           time="0.262">
    <properties></properties>



            <testcase
                name="testDivision"
                time="0.097"
                classname="ExampleTest">
            </testcase>
            <testcase
                name="testDivision"
                time="0.120"
                classname="ExampleTest">
            </testcase>
            <testcase
                name="testDivision"
                time="0.003"
                classname="ExampleTest">
            </testcase>
            <testcase
                name="testDivisionByZero"
                time="0.010"
                classname="ExampleTest">
            </testcase>
            <testcase
                name="testDivision"
                time="0.001"
                classname="ExampleTest">
            </testcase>
            <testcase
                name="testDivision"
                time="0.001"
                classname="ExampleTest">
            </testcase>
            <testcase
                name="testDivision"
                time="0.030"
                classname="ExampleTest">
            </testcase>
</testsuite>
