<?xml version="1.0" encoding="UTF-8"?>
<testsuite name="Grade Test"
           tests="26"
           failures="0"
           errors="0"
           skipped="0"
           time="0.446">
    <properties></properties>



            <testcase
                name="testMark"
                time="0.002"
                classname="Example2Test">
            </testcase>
            <testcase
                name="testMark"
                time="0.092"
                classname="Example2Test">
            </testcase>
            <testcase
                name="testMark"
                time="0.005"
                classname="Example2Test">
            </testcase>
            <testcase
                name="testMark"
                time="0.018"
                classname="Example2Test">
            </testcase>
            <testcase
                name="testMark"
                time="0.002"
                classname="Example2Test">
            </testcase>
            <testcase
                name="testMark"
                time="0.002"
                classname="Example2Test">
            </testcase>
            <testcase
                name="testMark"
                time="0.001"
                classname="Example2Test">
            </testcase>
            <testcase
                name="testMark"
                time="0.034"
                classname="Example2Test">
            </testcase>
            <testcase
                name="testMark"
                time="0.014"
                classname="Example2Test">
            </testcase>
            <testcase
                name="testMark"
                time="0.007"
                classname="Example2Test">
            </testcase>
            <testcase
                name="testMark"
                time="0.059"
                classname="Example2Test">
            </testcase>
            <testcase
                name="testMark"
                time="0.013"
                classname="Example2Test">
            </testcase>
            <testcase
                name="testMark"
                time="0.002"
                classname="Example2Test">
            </testcase>
            <testcase
                name="testMark"
                time="0.009"
                classname="Example2Test">
            </testcase>
            <testcase
                name="testMark"
                time="0.001"
                classname="Example2Test">
            </testcase>
            <testcase
                name="testMark"
                time="0.143"
                classname="Example2Test">
            </testcase>
            <testcase
                name="testMark"
                time="0.004"
                classname="Example2Test">
            </testcase>
            <testcase
                name="testMark"
                time="0.002"
                classname="Example2Test">
            </testcase>
            <testcase
                name="testMark"
                time="0.004"
                classname="Example2Test">
            </testcase>
            <testcase
                name="testMark"
                time="0.004"
                classname="Example2Test">
            </testcase>
            <testcase
                name="testMark"
                time="0.007"
                classname="Example2Test">
            </testcase>
            <testcase
                name="testMark"
                time="0.003"
                classname="Example2Test">
            </testcase>
            <testcase
                name="testMark"
                time="0.002"
                classname="Example2Test">
            </testcase>
            <testcase
                name="testMark"
                time="0.005"
                classname="Example2Test">
            </testcase>
            <testcase
                name="testMark"
                time="0.001"
                classname="Example2Test">
            </testcase>
            <testcase
                name="testMark"
                time="0.010"
                classname="Example2Test">
            </testcase>
</testsuite>
