<?xml version="1.0" encoding="UTF-8"?>
<testsuite name="Division Test"
           tests="7"
           failures="0"
           errors="0"
           skipped="0"
           time="0.136">
    <properties></properties>



            <testcase
                name="testDivision"
                time="0.005"
                classname="ExampleTest">
            </testcase>
            <testcase
                name="testDivisionByZero"
                time="0.053"
                classname="ExampleTest">
            </testcase>
            <testcase
                name="testDivision"
                time="0.001"
                classname="ExampleTest">
            </testcase>
            <testcase
                name="testDivision"
                time="0.001"
                classname="ExampleTest">
            </testcase>
            <testcase
                name="testDivision"
                time="0.044"
                classname="ExampleTest">
            </testcase>
            <testcase
                name="testDivision"
                time="0.031"
                classname="ExampleTest">
            </testcase>
            <testcase
                name="testDivision"
                time="0.001"
                classname="ExampleTest">
            </testcase>
</testsuite>
