<?xml version="1.0" encoding="UTF-8"?>
<testsuite name="Annotation Test"
           tests="5"
           failures="0"
           errors="0"
           skipped="0"
           time="0.159">
    <properties></properties>



            <testcase
                name="testDivision4"
                time="0.072"
                classname="Example3Test">
            </testcase>
            <testcase
                name="testDivision1"
                time="0.051"
                classname="Example3Test">
            </testcase>
            <testcase
                name="testDivision3"
                time="0.031"
                classname="Example3Test">
            </testcase>
            <testcase
                name="testDivision5"
                time="0.003"
                classname="Example3Test">
            </testcase>
            <testcase
                name="testDivision2"
                time="0.002"
                classname="Example3Test">
            </testcase>
</testsuite>
