<?xml version="1.0" encoding="UTF-8"?>
<testsuite name="Factorial Test"
           tests="2"
           failures="0"
           errors="0"
           skipped="0"
           time="0.105">
    <properties></properties>



            <testcase
                name="testFactorial"
                time="0.098"
                classname="FacturialTest">
            </testcase>
            <testcase
                name="testFactorial"
                time="0.007"
                classname="FacturialTest">
            </testcase>
</testsuite>
