<?xml version="1.0" encoding="UTF-8"?>
<testsuite name="Text length Test"
           tests="6"
           failures="0"
           errors="0"
           skipped="0"
           time="0.441">
    <properties></properties>



            <testcase
                name="testTextLength"
                time="0.042"
                classname="TextLengthTest">
            </testcase>
            <testcase
                name="testTextLength"
                time="0.056"
                classname="TextLengthTest">
            </testcase>
            <testcase
                name="testTextLength"
                time="0.006"
                classname="TextLengthTest">
            </testcase>
            <testcase
                name="testTextLength"
                time="0.010"
                classname="TextLengthTest">
            </testcase>
            <testcase
                name="testTextLength"
                time="0.001"
                classname="TextLengthTest">
            </testcase>
            <testcase
                name="testTextLength"
                time="0.326"
                classname="TextLengthTest">
            </testcase>
</testsuite>
