<?xml version="1.0" encoding="UTF-8"?>
<testsuite name="Text length Test"
           tests="6"
           failures="0"
           errors="0"
           skipped="0"
           time="0.536">
    <properties></properties>



            <testcase
                name="testTextLength"
                time="0.514"
                classname="TextLengthTest">
            </testcase>
            <testcase
                name="testTextLength"
                time="0.003"
                classname="TextLengthTest">
            </testcase>
            <testcase
                name="testTextLength"
                time="0.001"
                classname="TextLengthTest">
            </testcase>
            <testcase
                name="testTextLength"
                time="0.009"
                classname="TextLengthTest">
            </testcase>
            <testcase
                name="testTextLength"
                time="0.007"
                classname="TextLengthTest">
            </testcase>
            <testcase
                name="testTextLength"
                time="0.002"
                classname="TextLengthTest">
            </testcase>
</testsuite>
